<?xml version="1.0" encoding="UTF-8"?>
<!-- Generated by org.testng.reporters.JUnitXMLReporter -->
<testsuite ignored="0" hostname="Dalya" failures="0" tests="3" name="Default test" time="12.565" errors="0" timestamp="2024-06-22T13:27:06 EET">
  <testcase classname="magenta2.AddRandomItem" name="mytest" time="1.707"/>
  <testcase classname="magenta2.AddRandomItem" name="checkout" time="4.76"/>
  <testcase classname="magenta2.AddRandomItem" name="signup" time="2.946"/>
</testsuite> <!-- Default test -->
