<?xml version="1.0" encoding="UTF-8"?>
<!-- Generated by org.testng.reporters.JUnitXMLReporter -->
<testsuite ignored="0" hostname="Dalya" failures="0" tests="5" name="Default test" time="13.839" errors="0" timestamp="2024-06-20T14:16:00 EET">
  <testcase classname="magenta2.AddRandomItem" name="mytest" time="4.048"/>
  <testcase classname="magenta2.AddRandomItem" name="mytest" time="2.458"/>
  <testcase classname="magenta2.AddRandomItem" name="mytest" time="2.613"/>
  <testcase classname="magenta2.AddRandomItem" name="mytest" time="1.777"/>
  <testcase classname="magenta2.AddRandomItem" name="mytest" time="2.904"/>
</testsuite> <!-- Default test -->
