<?xml version="1.0" encoding="UTF-8"?>
<testng-results ignored="0" total="3" passed="3" failed="0" skipped="0">
  <reporter-output>
  </reporter-output>
  <suite started-at="2024-06-22T13:26:53 EET" name="Default suite" finished-at="2024-06-22T13:27:05 EET" duration-ms="12565">
    <groups>
    </groups>
    <test started-at="2024-06-22T13:26:53 EET" name="Default test" finished-at="2024-06-22T13:27:05 EET" duration-ms="12565">
      <class name="magenta2.AddRandomItem">
        <test-method is-config="true" signature="mybeforetest()[pri:0, instance:magenta2.AddRandomItem@3016fd5e]" started-at="2024-06-22T13:26:53 EET" name="mybeforetest" finished-at="2024-06-22T13:26:56 EET" duration-ms="3110" status="PASS">
          <reporter-output>
          </reporter-output>
        </test-method> <!-- mybeforetest -->
        <test-method signature="mytest()[pri:1, instance:magenta2.AddRandomItem@3016fd5e]" started-at="2024-06-22T13:26:56 EET" name="mytest" finished-at="2024-06-22T13:26:58 EET" duration-ms="1707" status="PASS">
          <reporter-output>
          </reporter-output>
        </test-method> <!-- mytest -->
        <test-method signature="checkout()[pri:2, instance:magenta2.AddRandomItem@3016fd5e]" started-at="2024-06-22T13:26:58 EET" name="checkout" finished-at="2024-06-22T13:27:03 EET" duration-ms="4760" status="PASS">
          <reporter-output>
          </reporter-output>
        </test-method> <!-- checkout -->
        <test-method signature="signup()[pri:3, instance:magenta2.AddRandomItem@3016fd5e]" started-at="2024-06-22T13:27:03 EET" name="signup" finished-at="2024-06-22T13:27:05 EET" duration-ms="2946" status="PASS">
          <reporter-output>
          </reporter-output>
        </test-method> <!-- signup -->
      </class> <!-- magenta2.AddRandomItem -->
    </test> <!-- Default test -->
  </suite> <!-- Default suite -->
</testng-results>
