<?xml version="1.0" encoding="UTF-8"?>
<testng-results ignored="0" total="5" passed="5" failed="0" skipped="0">
  <reporter-output>
  </reporter-output>
  <suite started-at="2024-06-20T14:15:46 EET" name="Default suite" finished-at="2024-06-20T14:16:00 EET" duration-ms="13839">
    <groups>
    </groups>
    <test started-at="2024-06-20T14:15:46 EET" name="Default test" finished-at="2024-06-20T14:16:00 EET" duration-ms="13839">
      <class name="magenta2.AddRandomItem">
        <test-method is-config="true" signature="mybeforetest()[pri:0, instance:magenta2.AddRandomItem@1d730606]" started-at="2024-06-20T14:15:46 EET" name="mybeforetest" finished-at="2024-06-20T14:15:46 EET" duration-ms="6" status="PASS">
          <reporter-output>
          </reporter-output>
        </test-method> <!-- mybeforetest -->
        <test-method signature="mytest()[pri:0, instance:magenta2.AddRandomItem@1d730606]" started-at="2024-06-20T14:15:46 EET" name="mytest" finished-at="2024-06-20T14:15:50 EET" duration-ms="4048" status="PASS">
          <reporter-output>
          </reporter-output>
        </test-method> <!-- mytest -->
        <test-method signature="mytest()[pri:0, instance:magenta2.AddRandomItem@1d730606]" started-at="2024-06-20T14:15:50 EET" name="mytest" finished-at="2024-06-20T14:15:52 EET" duration-ms="2458" status="PASS">
          <reporter-output>
          </reporter-output>
        </test-method> <!-- mytest -->
        <test-method signature="mytest()[pri:0, instance:magenta2.AddRandomItem@1d730606]" started-at="2024-06-20T14:15:52 EET" name="mytest" finished-at="2024-06-20T14:15:55 EET" duration-ms="2613" status="PASS">
          <reporter-output>
          </reporter-output>
        </test-method> <!-- mytest -->
        <test-method signature="mytest()[pri:0, instance:magenta2.AddRandomItem@1d730606]" started-at="2024-06-20T14:15:55 EET" name="mytest" finished-at="2024-06-20T14:15:57 EET" duration-ms="1777" status="PASS">
          <reporter-output>
          </reporter-output>
        </test-method> <!-- mytest -->
        <test-method signature="mytest()[pri:0, instance:magenta2.AddRandomItem@1d730606]" started-at="2024-06-20T14:15:57 EET" name="mytest" finished-at="2024-06-20T14:16:00 EET" duration-ms="2904" status="PASS">
          <reporter-output>
          </reporter-output>
        </test-method> <!-- mytest -->
      </class> <!-- magenta2.AddRandomItem -->
    </test> <!-- Default test -->
  </suite> <!-- Default suite -->
</testng-results>
